<?xml version="1.0" encoding="UTF-8"?>
<!-- Generated by org.testng.reporters.JUnitReportReporter -->
<testsuite hostname="LTIN282895" failures="0" tests="2" name="TestCase.TestCase3_GoogleLogin" time="12.871" errors="0" timestamp="2024-03-02T13:55:12 IST" skipped="0">
  <testcase classname="TestCase.TestCase3_GoogleLogin" name="verifyLoginPage" time="6.062"/>
  <testcase classname="TestCase.TestCase3_GoogleLogin" name="verifyLoginPage" time="6.809"/>
</testsuite> <!-- TestCase.TestCase3_GoogleLogin -->
