<?xml version="1.0" encoding="UTF-8"?>
<!-- Generated by org.testng.reporters.JUnitReportReporter -->
<testsuite hostname="LTIN282895" failures="0" tests="2" name="TestCase.TestCase4_GoogleSignup" time="21.277" errors="0" timestamp="2024-03-02T13:55:12 IST" skipped="0">
  <testcase classname="TestCase.TestCase4_GoogleSignup" name="verifyLoginPage" time="11.941"/>
  <testcase classname="TestCase.TestCase4_GoogleSignup" name="verifyLoginPage" time="9.336"/>
</testsuite> <!-- TestCase.TestCase4_GoogleSignup -->
