<?xml version="1.0" encoding="UTF-8"?>
<!-- Generated by org.testng.reporters.JUnitReportReporter -->
<testsuite hostname="LTIN282895" failures="0" tests="4" name="TestCase.TestCase1_UpcomingBikeDetails" time="75.256" errors="0" timestamp="2024-03-02T18:22:24 IST" skipped="0">
  <testcase classname="TestCase.TestCase1_UpcomingBikeDetails" name="clickNewBikes" time="19.357"/>
  <testcase classname="TestCase.TestCase1_UpcomingBikeDetails" name="clickUpcomingBikes" time="16.928"/>
  <testcase classname="TestCase.TestCase1_UpcomingBikeDetails" name="clickNewBikes" time="14.776"/>
  <testcase classname="TestCase.TestCase1_UpcomingBikeDetails" name="clickUpcomingBikes" time="24.195"/>
</testsuite> <!-- TestCase.TestCase1_UpcomingBikeDetails -->
