<?xml version="1.0" encoding="UTF-8"?>
<!-- Generated by org.testng.reporters.JUnitReportReporter -->
<testsuite hostname="LTIN282895" failures="0" tests="2" name="TestCase.TestCase2_UsedCarsDetails" time="51.576" errors="0" timestamp="2024-03-02T18:22:24 IST" skipped="0">
  <testcase classname="TestCase.TestCase2_UsedCarsDetails" name="UsedCarDetails" time="24.662"/>
  <testcase classname="TestCase.TestCase2_UsedCarsDetails" name="UsedCarDetails" time="26.914"/>
</testsuite> <!-- TestCase.TestCase2_UsedCarsDetails -->
